<?xml version="1.0" encoding="UTF-8"?>
<!-- Generated by org.testng.reporters.JUnitReportReporter -->
<testsuite skipped="0" hostname="DESKTOP-HHE1NP3" name="ParallelTesting.Invocation" tests="5" failures="0" timestamp="31 Jul 2019 01:08:41 GMT" time="23.867" errors="0">
  <testcase name="executestime" time="4.465" classname="ParallelTesting.Invocation"/>
  <testcase name="executestime" time="4.432" classname="ParallelTesting.Invocation"/>
  <testcase name="executestime" time="4.448" classname="ParallelTesting.Invocation"/>
  <testcase name="executestime" time="4.452" classname="ParallelTesting.Invocation"/>
  <testcase name="executestime" time="6.070" classname="ParallelTesting.Invocation"/>
</testsuite> <!-- ParallelTesting.Invocation -->
