<?xml version="1.0" encoding="UTF-8"?>
<!-- Generated by org.testng.reporters.JUnitReportReporter -->
<testsuite skipped="0" hostname="DESKTOP-HHE1NP3" name="Parametrization.TestParameterfromXML" tests="1" failures="0" timestamp="25 Jul 2019 00:47:23 GMT" time="0.011" errors="0">
  <testcase name="getbrowser" time="0.011" classname="Parametrization.TestParameterfromXML"/>
</testsuite> <!-- Parametrization.TestParameterfromXML -->
