<?xml version="1.0" encoding="UTF-8"?>
<!-- Generated by org.testng.reporters.JUnitReportReporter -->
<testsuite skipped="0" hostname="DESKTOP-HHE1NP3" name="Testcases.TestCase1" tests="4" failures="0" timestamp="31 Jul 2019 01:24:59 GMT" time="0.009" errors="0">
  <testcase name="DOuserreg" time="0.001" classname="Testcases.TestCase1"/>
  <testcase name="DOuserreg" time="0.001" classname="Testcases.TestCase1"/>
  <testcase name="DOuserreg" time="0.003" classname="Testcases.TestCase1"/>
  <testcase name="DOuserreg" time="0.004" classname="Testcases.TestCase1"/>
</testsuite> <!-- Testcases.TestCase1 -->
