<?xml version="1.0" encoding="UTF-8"?>
<!-- Generated by org.testng.reporters.JUnitReportReporter -->
<testsuite skipped="1" hostname="DESKTOP-HHE1NP3" name="Listener.TestSkip" tests="1" failures="0" timestamp="05 Aug 2019 01:29:54 GMT" time="0.017" errors="0">
  <testcase name="skip" time="0.017" classname="Listener.TestSkip">
    <skipped/>
  </testcase> <!-- skip -->
</testsuite> <!-- Listener.TestSkip -->
