<?xml version="1.0" encoding="UTF-8"?>
<!-- Generated by org.testng.reporters.JUnitReportReporter -->
<testsuite skipped="0" hostname="DESKTOP-HHE1NP3" name="Parametrization.MutltipleDataProvider" tests="3" failures="0" timestamp="07 Aug 2019 01:25:55 GMT" time="0.017" errors="0">
  <testcase name="dologin" time="0.013" classname="Parametrization.MutltipleDataProvider"/>
  <testcase name="dologin" time="0.002" classname="Parametrization.MutltipleDataProvider"/>
  <testcase name="dologin" time="0.002" classname="Parametrization.MutltipleDataProvider"/>
</testsuite> <!-- Parametrization.MutltipleDataProvider -->
