<?xml version="1.0" encoding="UTF-8"?>
<!-- Generated by org.testng.reporters.JUnitReportReporter -->
<testsuite skipped="0" hostname="DESKTOP-HHE1NP3" name="Parametrization.TestParametrization" tests="3" failures="0" timestamp="23 Jul 2019 00:30:09 GMT" time="0.016" errors="0">
  <testcase name="dologin" time="0.002" classname="Parametrization.TestParametrization"/>
  <testcase name="dologin" time="0.002" classname="Parametrization.TestParametrization"/>
  <testcase name="dologin" time="0.012" classname="Parametrization.TestParametrization"/>
</testsuite> <!-- Parametrization.TestParametrization -->
