<?xml version="1.0" encoding="UTF-8"?>
<!-- Generated by org.testng.reporters.JUnitReportReporter -->
<testsuite skipped="0" hostname="DESKTOP-HHE1NP3" name="ParallelTesting.ParallerDataProvider" tests="2" failures="0" timestamp="25 Jul 2019 01:58:00 GMT" time="4.044" errors="0">
  <testcase name="dologin" time="2.022" classname="ParallelTesting.ParallerDataProvider"/>
  <testcase name="dologin" time="2.022" classname="ParallelTesting.ParallerDataProvider"/>
</testsuite> <!-- ParallelTesting.ParallerDataProvider -->
