<?xml version="1.0" encoding="UTF-8"?>
<!-- Generated by org.testng.reporters.JUnitReportReporter -->
<testsuite skipped="0" hostname="DESKTOP-HHE1NP3" name="ParallelTesting.TestOne" tests="2" failures="0" timestamp="25 Jul 2019 01:36:39 GMT" time="0.448" errors="0">
  <testcase name="dologin" time="0.224" classname="ParallelTesting.TestOne"/>
  <testcase name="dologin" time="0.224" classname="ParallelTesting.TestOne"/>
</testsuite> <!-- ParallelTesting.TestOne -->
