<?xml version="1.0" encoding="UTF-8"?>
<!-- Generated by org.testng.reporters.JUnitReportReporter -->
<testsuite skipped="2" hostname="DESKTOP-HHE1NP3" name="Retry.Testlogin" tests="4" failures="0" timestamp="02 Aug 2019 01:36:18 GMT" time="0.028" errors="0">
  <testcase name="dologin" time="0.020" classname="Retry.Testlogin"/>
  <testcase name="registeruser" time="0.003" classname="Retry.Testlogin"/>
  <testcase name="registeruser" time="0.005" classname="Retry.Testlogin">
    <skipped/>
  </testcase> <!-- registeruser -->
  <testcase name="registeruser" time="0.000" classname="Retry.Testlogin">
    <skipped/>
  </testcase> <!-- registeruser -->
</testsuite> <!-- Retry.Testlogin -->
