<?xml version="1.0" encoding="UTF-8"?>
<!-- Generated by org.testng.reporters.JUnitReportReporter -->
<testsuite skipped="0" hostname="DESKTOP-HHE1NP3" name="Parametrization.NewMultipeDPTest" tests="6" failures="0" timestamp="24 Jul 2019 01:57:52 GMT" time="0.025" errors="0">
  <testcase name="douseregis" time="0.000" classname="Parametrization.NewMultipeDPTest"/>
  <testcase name="douseregis" time="0.000" classname="Parametrization.NewMultipeDPTest"/>
  <testcase name="dologin" time="0.001" classname="Parametrization.NewMultipeDPTest"/>
  <testcase name="douseregis" time="0.009" classname="Parametrization.NewMultipeDPTest"/>
  <testcase name="dologin" time="0.001" classname="Parametrization.NewMultipeDPTest"/>
  <testcase name="dologin" time="0.014" classname="Parametrization.NewMultipeDPTest"/>
</testsuite> <!-- Parametrization.NewMultipeDPTest -->
