<?xml version="1.0" encoding="UTF-8"?>
<!-- Generated by org.testng.reporters.JUnitReportReporter -->
<testsuite skipped="0" hostname="DESKTOP-HHE1NP3" name="ExtraSuite.TestCase1" tests="2" failures="0" timestamp="04 Aug 2019 20:09:30 GMT" time="0.018" errors="0">
  <testcase name="DOuserreg" time="0.006" classname="ExtraSuite.TestCase1"/>
  <testcase name="dologin" time="0.012" classname="ExtraSuite.TestCase1"/>
</testsuite> <!-- ExtraSuite.TestCase1 -->
