<?xml version="1.0" encoding="UTF-8"?>
<!-- Generated by org.testng.reporters.JUnitReportReporter -->
<testsuite skipped="0" hostname="DESKTOP-HHE1NP3" name="POM.BaseClass" tests="6" failures="0" timestamp="15 Apr 2020 02:17:54 GMT" time="29.784" errors="0">
  <testcase name="loginFlightApplication" time="29.335" classname="POM.BaseClass"/>
  <testcase name="submmit" time="0.001" classname="POM.BaseClass"/>
  <testcase name="selectByvalue" time="0.191" classname="POM.BaseClass"/>
  <testcase name="selectByIndex" time="0.174" classname="POM.BaseClass"/>
  <testcase name="selectByVisibleText" time="0.081" classname="POM.BaseClass"/>
  <testcase name="scrollToElement" time="0.002" classname="POM.BaseClass"/>
</testsuite> <!-- POM.BaseClass -->
