<?xml version="1.0" encoding="UTF-8"?>
<!-- Generated by org.testng.reporters.JUnitReportReporter -->
<testsuite skipped="0" hostname="DESKTOP-HHE1NP3" name="com.flightautomation.base.TestClass" tests="1" failures="0" timestamp="19 Apr 2020 14:40:20 GMT" time="28.450" errors="0">
  <testcase name="abcd" time="28.450" classname="com.flightautomation.base.TestClass"/>
</testsuite> <!-- com.flightautomation.base.TestClass -->
