<?xml version="1.0" encoding="UTF-8"?>
<!-- Generated by org.testng.reporters.JUnitReportReporter -->
<testsuite skipped="0" hostname="DESKTOP-HHE1NP3" name="com.flightautomation.tests.TestCaseFlightTicketsBooking" tests="1" failures="0" timestamp="19 Apr 2020 15:26:15 GMT" time="53.358" errors="0">
  <testcase name="loginFlightApplication" time="53.358" classname="com.flightautomation.tests.TestCaseFlightTicketsBooking"/>
</testsuite> <!-- com.flightautomation.tests.TestCaseFlightTicketsBooking -->
