<?xml version="1.0" encoding="UTF-8"?>
<!-- Generated by org.testng.reporters.JUnitReportReporter -->
<testsuite skipped="0" hostname="DESKTOP-HHE1NP3" name="TestRunner.TestClass" tests="1" failures="0" timestamp="18 Apr 2020 20:56:07 GMT" time="6.524" errors="0">
  <testcase name="loginFlightApplication" time="6.524" classname="TestRunner.TestClass"/>
</testsuite> <!-- TestRunner.TestClass -->
