<?xml version="1.0" encoding="UTF-8"?>
<!-- Generated by org.testng.reporters.JUnitReportReporter -->
<testsuite skipped="0" hostname="DESKTOP-HHE1NP3" name="com.flightautomation.page.LoginPage" tests="1" failures="0" timestamp="19 Apr 2020 15:32:26 GMT" time="37.860" errors="0">
  <testcase name="loginToFlightApplication" time="37.860" classname="com.flightautomation.page.LoginPage"/>
</testsuite> <!-- com.flightautomation.page.LoginPage -->
