<?xml version="1.0" encoding="UTF-8"?>
<!-- Generated by org.testng.reporters.JUnitReportReporter -->
<testsuite skipped="0" hostname="Avatar" name="ToGetRequest.GetData2" tests="2" failures="0" timestamp="14 Oct 2017 00:53:17 GMT" time="11.706" errors="0">
  <testcase name="testResponce" time="10.908" classname="ToGetRequest.GetData2"/>
  <testcase name="testbody" time="0.798" classname="ToGetRequest.GetData2"/>
</testsuite> <!-- ToGetRequest.GetData2 -->
