<?xml version="1.0" encoding="UTF-8"?>
<!-- Generated by org.testng.reporters.JUnitReportReporter -->
<testsuite skipped="0" hostname="Avatar" name="ToGetRequest.Practise" tests="1" failures="0" timestamp="05 Dec 2017 01:02:51 GMT" time="8.254" errors="0">
  <testcase name="get" time="8.254" classname="ToGetRequest.Practise"/>
</testsuite> <!-- ToGetRequest.Practise -->
