<?xml version="1.0" encoding="UTF-8"?>
<!-- Generated by org.testng.reporters.JUnitReportReporter -->
<testsuite skipped="0" hostname="Avatar" name="ToGetRequest.GetData" tests="2" failures="0" timestamp="05 Dec 2017 03:05:00 GMT" time="10.503" errors="0">
  <testcase name="testResponce" time="9.985" classname="ToGetRequest.GetData"/>
  <testcase name="testbody" time="0.518" classname="ToGetRequest.GetData"/>
</testsuite> <!-- ToGetRequest.GetData -->
